#
# There is insufficient memory for the Java Runtime Environment to continue.
# Native memory allocation (malloc) failed to allocate 1048576 bytes for AllocateHeap
# Possible reasons:
#   The system is out of physical RAM or swap space
#   In 32 bit mode, the process size limit was hit
# Possible solutions:
#   Reduce memory load on the system
#   Increase physical memory or swap space
#   Check if swap backing store is full
#   Use 64 bit Java on a 64 bit OS
#   Decrease Java heap size (-Xmx/-Xms)
#   Decrease number of Java threads
#   Decrease Java thread stack sizes (-Xss)
#   Set larger code cache with -XX:ReservedCodeCacheSize=
# This output file may be truncated or incomplete.
#
#  Out of Memory Error (memory/allocation.inline.hpp:60), pid=7812, tid=852
#
# JRE version: 7.0_25-b17
# Java VM: Java HotSpot(TM) 64-Bit Server VM (23.25-b01 mixed mode windows-amd64 compressed oops)
# Failed to write core dump. Minidumps are not enabled by default on client versions of Windows
#

---------------  T H R E A D  ---------------

Current thread (0x0000000002de0800):  JavaThread "Unknown thread" [_thread_in_vm, id=852, stack(0x0000000002c40000,0x0000000002d40000)]

Stack: [0x0000000002c40000,0x0000000002d40000]

---------------  P R O C E S S  ---------------

Java Threads: ( => current thread )

Other Threads:

=>0x0000000002de0800 (exited) JavaThread "Unknown thread" [_thread_in_vm, id=852, stack(0x0000000002c40000,0x0000000002d40000)]

VM state:not at safepoint (normal execution)

VM Mutex/Monitor currently owned by a thread: None

Heap
 PSYoungGen      total 38080K, used 654K [0x00000007d58b0000, 0x00000007d8320000, 0x0000000800000000)
  eden space 32704K, 2% used [0x00000007d58b0000,0x00000007d59538c0,0x00000007d78a0000)
  from space 5376K, 0% used [0x00000007d7de0000,0x00000007d7de0000,0x00000007d8320000)
  to   space 5376K, 0% used [0x00000007d78a0000,0x00000007d78a0000,0x00000007d7de0000)
 ParOldGen       total 86912K, used 0K [0x0000000780a00000, 0x0000000785ee0000, 0x00000007d58b0000)
  object space 86912K, 0% used [0x0000000780a00000,0x0000000780a00000,0x0000000785ee0000)
 PSPermGen       total 21248K, used 709K [0x000000077b800000, 0x000000077ccc0000, 0x0000000780a00000)
  object space 21248K, 3% used [0x000000077b800000,0x000000077b8b1418,0x000000077ccc0000)

Card table byte_map: [0x0000000005fa0000,0x00000000063d0000] byte_map_base: 0x00000000023c4000

Polling page: 0x00000000014a0000

Code Cache  [0x0000000002ee0000, 0x0000000003150000, 0x0000000005ee0000)
 total_blobs=39 nmethods=0 adapters=20 free_code_cache=48889Kb largest_free_block=50062848

Compilation events (0 events):
No events

GC Heap History (0 events):
No events

Deoptimization events (0 events):
No events

Internal exceptions (0 events):
No events

Events (10 events):
Event: 0.017 loading class 0x0000000002dfc5d0
Event: 0.017 loading class 0x0000000002dfc5d0 done
Event: 0.017 loading class 0x0000000002dfc540
Event: 0.017 loading class 0x0000000002dfc540 done
Event: 0.017 loading class 0x0000000002dfc630
Event: 0.017 loading class 0x0000000002dfc630 done
Event: 0.018 loading class 0x0000000002df6280
Event: 0.018 loading class 0x0000000002df6280 done
Event: 0.018 loading class 0x0000000002df6240
Event: 0.018 loading class 0x0000000002df6240 done


Dynamic libraries:
0x00007ff7955f0000 - 0x00007ff795623000 	C:\Program Files\Java\jdk1.7.0_25\jre\bin\java.exe
0x00007fff0bad0000 - 0x00007fff0bc79000 	C:\WINDOWS\SYSTEM32\ntdll.dll
0x00007fff0a0f0000 - 0x00007fff0a229000 	C:\WINDOWS\system32\KERNEL32.DLL
0x00007fff08f70000 - 0x00007fff0907e000 	C:\WINDOWS\system32\KERNELBASE.dll
0x00007fff07a80000 - 0x00007fff07b0b000 	C:\WINDOWS\system32\apphelp.dll
0x00007ffef8ec0000 - 0x00007ffef8f0c000 	C:\WINDOWS\AppPatch\AppPatch64\AcGenral.DLL
0x00007fff09fd0000 - 0x00007fff0a077000 	C:\WINDOWS\system32\msvcrt.dll
0x00007fff08c90000 - 0x00007fff08cbb000 	C:\WINDOWS\SYSTEM32\SspiCli.dll
0x00007fff09940000 - 0x00007fff09991000 	C:\WINDOWS\system32\SHLWAPI.dll
0x00007fff09a20000 - 0x00007fff09b91000 	C:\WINDOWS\system32\USER32.dll
0x00007fff09bc0000 - 0x00007fff09d36000 	C:\WINDOWS\system32\ole32.dll
0x00007fff0a580000 - 0x00007fff0b98f000 	C:\WINDOWS\system32\SHELL32.dll
0x00007fff08420000 - 0x00007fff0843f000 	C:\WINDOWS\SYSTEM32\USERENV.dll
0x00007fff09400000 - 0x00007fff094a5000 	C:\WINDOWS\system32\ADVAPI32.dll
0x00007fff01bf0000 - 0x00007fff01c0b000 	C:\WINDOWS\SYSTEM32\MPR.dll
0x00007fff09e90000 - 0x00007fff09fc6000 	C:\WINDOWS\system32\RPCRT4.dll
0x00007fff0a230000 - 0x00007fff0a287000 	C:\WINDOWS\SYSTEM32\sechost.dll
0x00007fff094b0000 - 0x00007fff09687000 	C:\WINDOWS\SYSTEM32\combase.dll
0x00007fff09d40000 - 0x00007fff09e85000 	C:\WINDOWS\system32\GDI32.dll
0x00007fff08e50000 - 0x00007fff08e64000 	C:\WINDOWS\SYSTEM32\profapi.dll
0x00007fff074a0000 - 0x00007fff07541000 	C:\WINDOWS\SYSTEM32\SHCORE.dll
0x00007fff0a540000 - 0x00007fff0a574000 	C:\WINDOWS\system32\IMM32.DLL
0x00007fff0b990000 - 0x00007fff0bac8000 	C:\WINDOWS\system32\MSCTF.dll
0x00007fff06c20000 - 0x00007fff06e7a000 	C:\WINDOWS\WinSxS\amd64_microsoft.windows.common-controls_6595b64144ccf1df_6.0.9600.16384_none_62475f7becb72503\COMCTL32.dll
0x0000000056bd0000 - 0x0000000056ca1000 	C:\Program Files\Java\jdk1.7.0_25\jre\bin\msvcr100.dll
0x0000000056cb0000 - 0x00000000573bf000 	C:\Program Files\Java\jdk1.7.0_25\jre\bin\server\jvm.dll
0x00007ffefd920000 - 0x00007ffefd929000 	C:\WINDOWS\SYSTEM32\WSOCK32.dll
0x00007fff044f0000 - 0x00007fff0450f000 	C:\WINDOWS\SYSTEM32\WINMM.dll
0x00007fff09690000 - 0x00007fff09697000 	C:\WINDOWS\system32\PSAPI.DLL
0x00007fff099c0000 - 0x00007fff09a18000 	C:\WINDOWS\system32\WS2_32.dll
0x00007fff044c0000 - 0x00007fff044ea000 	C:\WINDOWS\SYSTEM32\WINMMBASE.dll
0x00007fff099b0000 - 0x00007fff099b9000 	C:\WINDOWS\system32\NSI.dll
0x00007fff08f20000 - 0x00007fff08f6a000 	C:\WINDOWS\SYSTEM32\cfgmgr32.dll
0x00007fff07ce0000 - 0x00007fff07d06000 	C:\WINDOWS\SYSTEM32\DEVOBJ.dll
0x0000000056b80000 - 0x0000000056b8f000 	C:\Program Files\Java\jdk1.7.0_25\jre\bin\verify.dll
0x0000000056b50000 - 0x0000000056b78000 	C:\Program Files\Java\jdk1.7.0_25\jre\bin\java.dll
0x0000000056b30000 - 0x0000000056b45000 	C:\Program Files\Java\jdk1.7.0_25\jre\bin\zip.dll

VM Arguments:
java_command: C:\Users\Camilo\Documents\NetBeansProjects\FinalCiclo4\bodegas2\log.web\target\surefire\surefirebooter3030218662323994421.jar C:\Users\Camilo\Documents\NetBeansProjects\FinalCiclo4\bodegas2\log.web\target\surefire\surefire658533068976026328tmp C:\Users\Camilo\Documents\NetBeansProjects\FinalCiclo4\bodegas2\log.web\target\surefire\surefire5086295710700904818tmp
Launcher Type: SUN_STANDARD

Environment Variables:
JAVA_HOME=C:\Program Files\Java\jdk1.7.0_25
PATH=C:\Program Files (x86)\AMD APP\bin\x86_64;C:\Program Files (x86)\AMD APP\bin\x86;C:\Program Files (x86)\Intel\iCLS Client\;C:\Program Files\Intel\iCLS Client\;C:\WINDOWS\system32;C:\WINDOWS;C:\WINDOWS\System32\Wbem;C:\WINDOWS\System32\WindowsPowerShell\v1.0\;C:\Program Files\Intel\Intel(R) Management Engine Components\DAL;C:\Program Files\Intel\Intel(R) Management Engine Components\IPT;C:\Program Files (x86)\Intel\Intel(R) Management Engine Components\DAL;C:\Program Files (x86)\Intel\Intel(R) Management Engine Components\IPT;C:\Program Files (x86)\ATI Technologies\ATI.ACE\Core-Static;C:\Program Files\Java\jdk1.7.0_25\bin;C:\Program Files\Ant\apache-ant-1.9.2\bin;C:\Program Files (x86)\Windows Kits\8.1\Windows Performance Toolkit\;C:\Program Files\Microsoft SQL Server\110\Tools\Binn\;C:\Program Files\Calibre2\;C:\Program Files (x86)\Windows Live\Shared
USERNAME=Camilo
OS=Windows_NT
PROCESSOR_IDENTIFIER=Intel64 Family 6 Model 58 Stepping 9, GenuineIntel



---------------  S Y S T E M  ---------------

OS: Windows 8 , 64 bit Build 9200 

CPU:total 8 (4 cores per cpu, 2 threads per core) family 6 model 58 stepping 9, cmov, cx8, fxsr, mmx, sse, sse2, sse3, ssse3, sse4.1, sse4.2, popcnt, avx, ht, tsc, tscinvbit, tscinv

Memory: 4k page, physical 8339680k(2169232k free), swap 8749280k(5200k free)

vm_info: Java HotSpot(TM) 64-Bit Server VM (23.25-b01) for windows-amd64 JRE (1.7.0_25-b17), built on Jun 21 2013 12:58:32 by "java_re" with unknown MS VC++:1600

time: Fri May 23 17:59:56 2014
elapsed time: 0 seconds

