#
# There is insufficient memory for the Java Runtime Environment to continue.
# Native memory allocation (malloc) failed to allocate 647696 bytes for Chunk::new
# Possible reasons:
#   The system is out of physical RAM or swap space
#   In 32 bit mode, the process size limit was hit
# Possible solutions:
#   Reduce memory load on the system
#   Increase physical memory or swap space
#   Check if swap backing store is full
#   Use 64 bit Java on a 64 bit OS
#   Decrease Java heap size (-Xmx/-Xms)
#   Decrease number of Java threads
#   Decrease Java thread stack sizes (-Xss)
#   Set larger code cache with -XX:ReservedCodeCacheSize=
# This output file may be truncated or incomplete.
#
#  Out of Memory Error (allocation.cpp:328), pid=11640, tid=11556
#
# JRE version: 7.0_25-b17
# Java VM: Java HotSpot(TM) 64-Bit Server VM (23.25-b01 mixed mode windows-amd64 compressed oops)
# Failed to write core dump. Minidumps are not enabled by default on client versions of Windows
#

---------------  T H R E A D  ---------------

Current thread (0x000000000beab000):  JavaThread "C2 CompilerThread0" daemon [_thread_in_native, id=11556, stack(0x000000000e0a0000,0x000000000e1a0000)]

Stack: [0x000000000e0a0000,0x000000000e1a0000]

Current CompileTask:
C2:   1960  229             org.hibernate.validator.internal.metadata.aggregated.BeanMetaDataImpl$BeanMetaDataBuilder::addMetaDataToBuilder (64 bytes)


---------------  P R O C E S S  ---------------

Java Threads: ( => current thread )
  0x000000000ed5c800 JavaThread "pool-4-thread-1" daemon [_thread_blocked, id=9224, stack(0x0000000010aa0000,0x0000000010ba0000)]
  0x000000000f25c000 JavaThread "pool-3-thread-1" daemon [_thread_blocked, id=10588, stack(0x00000000109a0000,0x0000000010aa0000)]
  0x000000000f25b800 JavaThread "pool-2-thread-1" daemon [_thread_blocked, id=6180, stack(0x00000000108a0000,0x00000000109a0000)]
  0x000000000f098800 JavaThread "pool-1-thread-1" daemon [_thread_blocked, id=7532, stack(0x0000000010390000,0x0000000010490000)]
  0x000000000beb7800 JavaThread "Service Thread" daemon [_thread_blocked, id=7288, stack(0x000000000e2a0000,0x000000000e3a0000)]
  0x000000000beac800 JavaThread "C2 CompilerThread1" daemon [_thread_in_native, id=8128, stack(0x000000000e1a0000,0x000000000e2a0000)]
=>0x000000000beab000 JavaThread "C2 CompilerThread0" daemon [_thread_in_native, id=11556, stack(0x000000000e0a0000,0x000000000e1a0000)]
  0x000000000beaa000 JavaThread "Attach Listener" daemon [_thread_blocked, id=11368, stack(0x000000000dfa0000,0x000000000e0a0000)]
  0x000000000bea5800 JavaThread "Signal Dispatcher" daemon [_thread_blocked, id=6780, stack(0x000000000dea0000,0x000000000dfa0000)]
  0x000000000be3b800 JavaThread "Finalizer" daemon [_thread_blocked, id=8804, stack(0x000000000dda0000,0x000000000dea0000)]
  0x000000000be39800 JavaThread "Reference Handler" daemon [_thread_blocked, id=8072, stack(0x000000000dca0000,0x000000000dda0000)]
  0x0000000002970800 JavaThread "main" [_thread_in_native, id=6244, stack(0x0000000002870000,0x0000000002970000)]

Other Threads:
  0x000000000be34800 VMThread [stack: 0x000000000dba0000,0x000000000dca0000] [id=9612]
  0x000000000bec7800 WatcherThread [stack: 0x000000000e3a0000,0x000000000e4a0000] [id=9412]

VM state:not at safepoint (normal execution)

VM Mutex/Monitor currently owned by a thread: None

Heap
 PSYoungGen      total 38080K, used 31383K [0x00000007d58b0000, 0x00000007d8320000, 0x0000000800000000)
  eden space 32704K, 79% used [0x00000007d58b0000,0x00000007d721ae20,0x00000007d78a0000)
  from space 5376K, 99% used [0x00000007d7de0000,0x00000007d831b120,0x00000007d8320000)
  to   space 5376K, 0% used [0x00000007d78a0000,0x00000007d78a0000,0x00000007d7de0000)
 ParOldGen       total 86912K, used 2980K [0x0000000780a00000, 0x0000000785ee0000, 0x00000007d58b0000)
  object space 86912K, 3% used [0x0000000780a00000,0x0000000780ce91f0,0x0000000785ee0000)
 PSPermGen       total 21248K, used 17801K [0x000000077b800000, 0x000000077ccc0000, 0x0000000780a00000)
  object space 21248K, 83% used [0x000000077b800000,0x000000077c962568,0x000000077ccc0000)

Card table byte_map: [0x0000000005b30000,0x0000000005f60000] byte_map_base: 0x0000000001f54000

Polling page: 0x0000000000ea0000

Code Cache  [0x0000000002a70000, 0x0000000002ce0000, 0x0000000005a70000)
 total_blobs=539 nmethods=228 adapters=262 free_code_cache=48214Kb largest_free_block=49339968

Compilation events (10 events):
Event: 1.925 Thread 0x000000000beab000 nmethod 222 0x0000000002b59850 code [0x0000000002b599a0, 0x0000000002b59ba8]
Event: 1.936 Thread 0x000000000beab000  223             org.hibernate.validator.internal.metadata.raw.AbstractConstrainedElement::getLocation (5 bytes)
Event: 1.936 Thread 0x000000000beab000 nmethod 223 0x0000000002b5a510 code [0x0000000002b5a640, 0x0000000002b5a6b8]
Event: 1.936 Thread 0x000000000beab000  224             org.hibernate.validator.internal.util.Contracts::assertValueNotNull (23 bytes)
Event: 1.936 Thread 0x000000000beab000 nmethod 224 0x0000000002b59650 code [0x0000000002b59780, 0x0000000002b597d8]
Event: 1.937 Thread 0x000000000beab000  225             org.hibernate.validator.internal.metadata.raw.ConstrainedMethod::getLocation (8 bytes)
Event: 1.937 Thread 0x000000000beab000 nmethod 225 0x0000000002b593d0 code [0x0000000002b59520, 0x0000000002b595b8]
Event: 1.938 Thread 0x000000000beab000  227             java.util.HashMap$KeyIterator::next (8 bytes)
Event: 1.940 Thread 0x000000000beab000 nmethod 227 0x0000000002b5b1d0 code [0x0000000002b5b320, 0x0000000002b5b578]
Event: 1.946 Thread 0x000000000beab000  229             org.hibernate.validator.internal.metadata.aggregated.BeanMetaDataImpl$BeanMetaDataBuilder::addMetaDataToBuilder (6

GC Heap History (4 events):
Event: 0.930 GC heap before
{Heap before GC invocations=1 (full 0):
 PSYoungGen      total 38080K, used 32704K [0x00000007d58b0000, 0x00000007d8320000, 0x0000000800000000)
  eden space 32704K, 100% used [0x00000007d58b0000,0x00000007d78a0000,0x00000007d78a0000)
  from space 5376K, 0% used [0x00000007d7de0000,0x00000007d7de0000,0x00000007d8320000)
  to   space 5376K, 0% used [0x00000007d78a0000,0x00000007d78a0000,0x00000007d7de0000)
 ParOldGen       total 86912K, used 0K [0x0000000780a00000, 0x0000000785ee0000, 0x00000007d58b0000)
  object space 86912K, 0% used [0x0000000780a00000,0x0000000780a00000,0x0000000785ee0000)
 PSPermGen       total 21248K, used 8924K [0x000000077b800000, 0x000000077ccc0000, 0x0000000780a00000)
  object space 21248K, 42% used [0x000000077b800000,0x000000077c0b73a0,0x000000077ccc0000)
Event: 0.935 GC heap after
Heap after GC invocations=1 (full 0):
 PSYoungGen      total 38080K, used 5356K [0x00000007d58b0000, 0x00000007d8320000, 0x0000000800000000)
  eden space 32704K, 0% used [0x00000007d58b0000,0x00000007d58b0000,0x00000007d78a0000)
  from space 5376K, 99% used [0x00000007d78a0000,0x00000007d7ddb240,0x00000007d7de0000)
  to   space 5376K, 0% used [0x00000007d7de0000,0x00000007d7de0000,0x00000007d8320000)
 ParOldGen       total 86912K, used 37K [0x0000000780a00000, 0x0000000785ee0000, 0x00000007d58b0000)
  object space 86912K, 0% used [0x0000000780a00000,0x0000000780a094f8,0x0000000785ee0000)
 PSPermGen       total 21248K, used 8924K [0x000000077b800000, 0x000000077ccc0000, 0x0000000780a00000)
  object space 21248K, 42% used [0x000000077b800000,0x000000077c0b73a0,0x000000077ccc0000)
}
Event: 1.493 GC heap before
{Heap before GC invocations=2 (full 0):
 PSYoungGen      total 38080K, used 38060K [0x00000007d58b0000, 0x00000007d8320000, 0x0000000800000000)
  eden space 32704K, 100% used [0x00000007d58b0000,0x00000007d78a0000,0x00000007d78a0000)
  from space 5376K, 99% used [0x00000007d78a0000,0x00000007d7ddb240,0x00000007d7de0000)
  to   space 5376K, 0% used [0x00000007d7de0000,0x00000007d7de0000,0x00000007d8320000)
 ParOldGen       total 86912K, used 37K [0x0000000780a00000, 0x0000000785ee0000, 0x00000007d58b0000)
  object space 86912K, 0% used [0x0000000780a00000,0x0000000780a094f8,0x0000000785ee0000)
 PSPermGen       total 21248K, used 13741K [0x000000077b800000, 0x000000077ccc0000, 0x0000000780a00000)
  object space 21248K, 64% used [0x000000077b800000,0x000000077c56b450,0x000000077ccc0000)
Event: 1.500 GC heap after
Heap after GC invocations=2 (full 0):
 PSYoungGen      total 38080K, used 5356K [0x00000007d58b0000, 0x00000007d8320000, 0x0000000800000000)
  eden space 32704K, 0% used [0x00000007d58b0000,0x00000007d58b0000,0x00000007d78a0000)
  from space 5376K, 99% used [0x00000007d7de0000,0x00000007d831b120,0x00000007d8320000)
  to   space 5376K, 0% used [0x00000007d78a0000,0x00000007d78a0000,0x00000007d7de0000)
 ParOldGen       total 86912K, used 2980K [0x0000000780a00000, 0x0000000785ee0000, 0x00000007d58b0000)
  object space 86912K, 3% used [0x0000000780a00000,0x0000000780ce91f0,0x0000000785ee0000)
 PSPermGen       total 21248K, used 13741K [0x000000077b800000, 0x000000077ccc0000, 0x0000000780a00000)
  object space 21248K, 64% used [0x000000077b800000,0x000000077c56b450,0x000000077ccc0000)
}

Deoptimization events (10 events):
Event: 1.251 Thread 0x0000000002970800 Uncommon trap -122 fr.pc 0x0000000002b2e93c
Event: 1.251 Thread 0x0000000002970800 Uncommon trap -83 fr.pc 0x0000000002b2d408
Event: 1.368 Thread 0x0000000002970800 Uncommon trap -34 fr.pc 0x0000000002b23c28
Event: 1.425 Thread 0x0000000002970800 Uncommon trap -34 fr.pc 0x0000000002b46c08
Event: 1.425 Thread 0x0000000002970800 Uncommon trap -34 fr.pc 0x0000000002b46c08
Event: 1.425 Thread 0x0000000002970800 Uncommon trap -34 fr.pc 0x0000000002b46c08
Event: 1.425 Thread 0x0000000002970800 Uncommon trap -34 fr.pc 0x0000000002b46c08
Event: 1.589 Thread 0x0000000002970800 Uncommon trap -34 fr.pc 0x0000000002b23c28
Event: 1.598 Thread 0x0000000002970800 Uncommon trap -12 fr.pc 0x0000000002b12e80
Event: 1.866 Thread 0x0000000002970800 Uncommon trap -83 fr.pc 0x0000000002afdde4

Internal exceptions (10 events):
Event: 1.930 Thread 0x0000000002970800 Threw 0x00000007d6f6afe0 at C:\jdk7u2_64p\jdk7u25\hotspot\src\share\vm\prims\jvm.cpp:1235
Event: 1.931 Thread 0x0000000002970800 Threw 0x00000007d6f6fe78 at C:\jdk7u2_64p\jdk7u25\hotspot\src\share\vm\prims\jvm.cpp:1235
Event: 1.931 Thread 0x0000000002970800 Threw 0x00000007d6f7b3c0 at C:\jdk7u2_64p\jdk7u25\hotspot\src\share\vm\prims\jvm.cpp:1235
Event: 1.932 Thread 0x0000000002970800 Threw 0x00000007d6f7fc08 at C:\jdk7u2_64p\jdk7u25\hotspot\src\share\vm\prims\jvm.cpp:1235
Event: 1.932 Thread 0x0000000002970800 Threw 0x00000007d6f86a90 at C:\jdk7u2_64p\jdk7u25\hotspot\src\share\vm\prims\jvm.cpp:1235
Event: 1.933 Thread 0x0000000002970800 Threw 0x00000007d6f95fa0 at C:\jdk7u2_64p\jdk7u25\hotspot\src\share\vm\prims\jvm.cpp:1235
Event: 1.933 Thread 0x0000000002970800 Threw 0x00000007d6f9ba78 at C:\jdk7u2_64p\jdk7u25\hotspot\src\share\vm\prims\jvm.cpp:1235
Event: 1.954 Thread 0x0000000002970800 Threw 0x00000007d71a39d0 at C:\jdk7u2_64p\jdk7u25\hotspot\src\share\vm\prims\jvm.cpp:1235
Event: 1.955 Thread 0x0000000002970800 Threw 0x00000007d71aad50 at C:\jdk7u2_64p\jdk7u25\hotspot\src\share\vm\prims\jvm.cpp:1235
Event: 1.957 Thread 0x0000000002970800 Threw 0x00000007d71cce10 at C:\jdk7u2_64p\jdk7u25\hotspot\src\share\vm\prims\jvm.cpp:1235

Events (10 events):
Event: 1.933 loading class 0x000000000f5b00c0
Event: 1.933 loading class 0x000000000f5b00c0 done
Event: 1.945 loading class 0x000000000e7cf610
Event: 1.946 loading class 0x000000000e7cf610 done
Event: 1.954 loading class 0x000000000ee00b00
Event: 1.954 loading class 0x000000000ee00b00 done
Event: 1.955 loading class 0x000000000ebc8470
Event: 1.955 loading class 0x000000000ebc8470 done
Event: 1.957 loading class 0x000000000f340da0
Event: 1.957 loading class 0x000000000f340da0 done


Dynamic libraries:
0x00007ff6ac190000 - 0x00007ff6ac1c3000 	C:\Program Files\Java\jdk1.7.0_25\jre\bin\java.exe
0x00007ffc3c530000 - 0x00007ffc3c6d9000 	C:\WINDOWS\SYSTEM32\ntdll.dll
0x00007ffc3a5a0000 - 0x00007ffc3a6d9000 	C:\WINDOWS\system32\KERNEL32.DLL
0x00007ffc399d0000 - 0x00007ffc39ade000 	C:\WINDOWS\system32\KERNELBASE.dll
0x00007ffc384e0000 - 0x00007ffc3856b000 	C:\WINDOWS\system32\apphelp.dll
0x00007ffc2def0000 - 0x00007ffc2df3c000 	C:\WINDOWS\AppPatch\AppPatch64\AcGenral.DLL
0x00007ffc39de0000 - 0x00007ffc39e87000 	C:\WINDOWS\system32\msvcrt.dll
0x00007ffc396f0000 - 0x00007ffc3971b000 	C:\WINDOWS\SYSTEM32\SspiCli.dll
0x00007ffc39ea0000 - 0x00007ffc39ef1000 	C:\WINDOWS\system32\SHLWAPI.dll
0x00007ffc3a140000 - 0x00007ffc3a2b1000 	C:\WINDOWS\system32\USER32.dll
0x00007ffc3a410000 - 0x00007ffc3a586000 	C:\WINDOWS\system32\ole32.dll
0x00007ffc3ac00000 - 0x00007ffc3c00f000 	C:\WINDOWS\system32\SHELL32.dll
0x00007ffc38e80000 - 0x00007ffc38e9f000 	C:\WINDOWS\SYSTEM32\USERENV.dll
0x00007ffc3c250000 - 0x00007ffc3c2f5000 	C:\WINDOWS\system32\ADVAPI32.dll
0x00007ffc2f010000 - 0x00007ffc2f02b000 	C:\WINDOWS\SYSTEM32\MPR.dll
0x00007ffc3a2c0000 - 0x00007ffc3a3f6000 	C:\WINDOWS\system32\RPCRT4.dll
0x00007ffc3aa60000 - 0x00007ffc3aab7000 	C:\WINDOWS\SYSTEM32\sechost.dll
0x00007ffc3c010000 - 0x00007ffc3c1e7000 	C:\WINDOWS\SYSTEM32\combase.dll
0x00007ffc3c300000 - 0x00007ffc3c445000 	C:\WINDOWS\system32\GDI32.dll
0x00007ffc398b0000 - 0x00007ffc398c4000 	C:\WINDOWS\SYSTEM32\profapi.dll
0x00007ffc37f00000 - 0x00007ffc37fa1000 	C:\WINDOWS\SYSTEM32\SHCORE.dll
0x00007ffc3c4f0000 - 0x00007ffc3c524000 	C:\WINDOWS\system32\IMM32.DLL
0x00007ffc3aac0000 - 0x00007ffc3abf8000 	C:\WINDOWS\system32\MSCTF.dll
0x00007ffc37700000 - 0x00007ffc3795a000 	C:\WINDOWS\WinSxS\amd64_microsoft.windows.common-controls_6595b64144ccf1df_6.0.9600.16384_none_62475f7becb72503\COMCTL32.dll
0x000000006e520000 - 0x000000006e5f1000 	C:\Program Files\Java\jdk1.7.0_25\jre\bin\msvcr100.dll
0x000000006ef20000 - 0x000000006f62f000 	C:\Program Files\Java\jdk1.7.0_25\jre\bin\server\jvm.dll
0x00007ffc36660000 - 0x00007ffc36669000 	C:\WINDOWS\SYSTEM32\WSOCK32.dll
0x00007ffc352d0000 - 0x00007ffc352ef000 	C:\WINDOWS\SYSTEM32\WINMM.dll
0x00007ffc39e90000 - 0x00007ffc39e97000 	C:\WINDOWS\system32\PSAPI.DLL
0x00007ffc3a080000 - 0x00007ffc3a0d8000 	C:\WINDOWS\system32\WS2_32.dll
0x00007ffc352a0000 - 0x00007ffc352ca000 	C:\WINDOWS\SYSTEM32\WINMMBASE.dll
0x00007ffc39f00000 - 0x00007ffc39f09000 	C:\WINDOWS\system32\NSI.dll
0x00007ffc39980000 - 0x00007ffc399ca000 	C:\WINDOWS\SYSTEM32\cfgmgr32.dll
0x00007ffc38760000 - 0x00007ffc38786000 	C:\WINDOWS\SYSTEM32\DEVOBJ.dll
0x000000006f700000 - 0x000000006f70f000 	C:\Program Files\Java\jdk1.7.0_25\jre\bin\verify.dll
0x000000006eeb0000 - 0x000000006eed8000 	C:\Program Files\Java\jdk1.7.0_25\jre\bin\java.dll
0x000000006f6e0000 - 0x000000006f6f5000 	C:\Program Files\Java\jdk1.7.0_25\jre\bin\zip.dll
0x00007ffc39130000 - 0x00007ffc3914e000 	C:\WINDOWS\SYSTEM32\CRYPTSP.dll
0x00007ffc38d70000 - 0x00007ffc38da5000 	C:\WINDOWS\system32\rsaenh.dll
0x00007ffc393a0000 - 0x00007ffc393c6000 	C:\WINDOWS\SYSTEM32\bcrypt.dll
0x00007ffc39720000 - 0x00007ffc3977e000 	C:\WINDOWS\system32\bcryptprimitives.dll
0x00007ffc39780000 - 0x00007ffc3978a000 	C:\WINDOWS\SYSTEM32\CRYPTBASE.dll
0x000000006ee90000 - 0x000000006eea9000 	C:\Program Files\Java\jdk1.7.0_25\jre\bin\net.dll
0x00007ffc390d0000 - 0x00007ffc39128000 	C:\WINDOWS\system32\mswsock.dll
0x00007ffc320b0000 - 0x00007ffc320c4000 	C:\WINDOWS\system32\napinsp.dll
0x00007ffc32090000 - 0x00007ffc320a9000 	C:\WINDOWS\system32\pnrpnsp.dll
0x00007ffc35ff0000 - 0x00007ffc36009000 	C:\WINDOWS\system32\NLAapi.dll
0x00007ffc38ee0000 - 0x00007ffc38f83000 	C:\WINDOWS\SYSTEM32\DNSAPI.dll
0x00007ffc32080000 - 0x00007ffc3208c000 	C:\WINDOWS\System32\winrnr.dll
0x000000006fc50000 - 0x000000006fc76000 	C:\Program Files\Bonjour\mdnsNSP.dll
0x00007ffc350e0000 - 0x00007ffc35109000 	C:\WINDOWS\SYSTEM32\Iphlpapi.DLL
0x00007ffc350d0000 - 0x00007ffc350da000 	C:\WINDOWS\SYSTEM32\WINNSI.DLL
0x00007ffc32170000 - 0x00007ffc32179000 	C:\Windows\System32\rasadhlp.dll
0x00007ffc349c0000 - 0x00007ffc34a27000 	C:\WINDOWS\System32\fwpuclnt.dll
0x000000006ee70000 - 0x000000006ee81000 	C:\Program Files\Java\jdk1.7.0_25\jre\bin\nio.dll
0x000000006ee60000 - 0x000000006ee6b000 	C:\Program Files\Java\jdk1.7.0_25\jre\bin\management.dll
0x000000006e300000 - 0x000000006e324000 	C:\Program Files\Java\jdk1.7.0_25\jre\bin\sunec.dll

VM Arguments:
java_command: C:\Users\Camilo\Documents\NetBeansProjects\BodegasUltimate\pedido.service.subsystem\target\surefire\surefirebooter6909887283621586797.jar C:\Users\Camilo\Documents\NetBeansProjects\BodegasUltimate\pedido.service.subsystem\target\surefire\surefire5406175826217212044tmp C:\Users\Camilo\Documents\NetBeansProjects\BodegasUltimate\pedido.service.subsystem\target\surefire\surefire6414805582496084817tmp
Launcher Type: SUN_STANDARD

Environment Variables:
JAVA_HOME=C:\Program Files\Java\jdk1.7.0_25
PATH=C:\Program Files (x86)\AMD APP\bin\x86_64;C:\Program Files (x86)\AMD APP\bin\x86;C:\Program Files (x86)\Intel\iCLS Client\;C:\Program Files\Intel\iCLS Client\;C:\WINDOWS\system32;C:\WINDOWS;C:\WINDOWS\System32\Wbem;C:\WINDOWS\System32\WindowsPowerShell\v1.0\;C:\Program Files\Intel\Intel(R) Management Engine Components\DAL;C:\Program Files\Intel\Intel(R) Management Engine Components\IPT;C:\Program Files (x86)\Intel\Intel(R) Management Engine Components\DAL;C:\Program Files (x86)\Intel\Intel(R) Management Engine Components\IPT;C:\Program Files (x86)\ATI Technologies\ATI.ACE\Core-Static;C:\Program Files\Java\jdk1.7.0_25\bin;C:\Program Files\Ant\apache-ant-1.9.2\bin;C:\Program Files (x86)\Windows Kits\8.1\Windows Performance Toolkit\;C:\Program Files\Microsoft SQL Server\110\Tools\Binn\;C:\Program Files\Calibre2\;C:\Program Files (x86)\Windows Live\Shared
USERNAME=Camilo
OS=Windows_NT
PROCESSOR_IDENTIFIER=Intel64 Family 6 Model 58 Stepping 9, GenuineIntel



---------------  S Y S T E M  ---------------

OS: Windows 8 , 64 bit Build 9200 

CPU:total 8 (4 cores per cpu, 2 threads per core) family 6 model 58 stepping 9, cmov, cx8, fxsr, mmx, sse, sse2, sse3, ssse3, sse4.1, sse4.2, popcnt, avx, ht, tsc, tscinvbit, tscinv

Memory: 4k page, physical 8339680k(2007336k free), swap 8749280k(5588k free)

vm_info: Java HotSpot(TM) 64-Bit Server VM (23.25-b01) for windows-amd64 JRE (1.7.0_25-b17), built on Jun 21 2013 12:58:32 by "java_re" with unknown MS VC++:1600

time: Fri May 23 09:38:12 2014
elapsed time: 1 seconds

